#
# There is insufficient memory for the Java Runtime Environment to continue.
# Native memory allocation (malloc) failed to allocate 185597952 bytes for committing reserved memory.
# Possible reasons:
#   The system is out of physical RAM or swap space
#   In 32 bit mode, the process size limit was hit
# Possible solutions:
#   Reduce memory load on the system
#   Increase physical memory or swap space
#   Check if swap backing store is full
#   Use 64 bit Java on a 64 bit OS
#   Decrease Java heap size (-Xmx/-Xms)
#   Decrease number of Java threads
#   Decrease Java thread stack sizes (-Xss)
#   Set larger code cache with -XX:ReservedCodeCacheSize=
# This output file may be truncated or incomplete.
#
#  Out of Memory Error (os_linux.cpp:2827), pid=24134, tid=140161034913536
#
# JRE version: OpenJDK Runtime Environment (7.0_101) (build 1.7.0_101-b00)
# Java VM: OpenJDK 64-Bit Server VM (24.95-b01 mixed mode linux-amd64 compressed oops)
# Derivative: IcedTea 2.6.6
# Distribution: Custom build (Mon May  2 15:33:26 UTC 2016)
# Core dump written. Default location: /home/alejandrocq/CloudFitforWear/mobile/core or core.24134
#

---------------  T H R E A D  ---------------

Current thread (0x00007f79c4074000):  VMThread [stack: 0x00007f79c8a28000,0x00007f79c8b29000] [id=24144]

Stack: [0x00007f79c8a28000,0x00007f79c8b29000],  sp=0x00007f79c8b274f0,  free space=1021k
Native frames: (J=compiled Java code, j=interpreted, Vv=VM code, C=native code)
V  [libjvm.so+0x994fa3]
V  [libjvm.so+0x48b35f]
V  [libjvm.so+0x80187b]
V  [libjvm.so+0x7fbcee]
V  [libjvm.so+0x871e2b]
V  [libjvm.so+0x873793]
V  [libjvm.so+0x86f9f8]
V  [libjvm.so+0x86fcdc]
V  [libjvm.so+0x825183]
V  [libjvm.so+0x996a42]
V  [libjvm.so+0x99b787]
V  [libjvm.so+0x999018]
V  [libjvm.so+0x99a38f]
V  [libjvm.so+0x99a881]
V  [libjvm.so+0x7fe7b2]

VM_Operation (0x00007f79cdc14650): ParallelGCFailedAllocation, mode: safepoint, requested by thread 0x00007f79c4008800


---------------  P R O C E S S  ---------------

Java Threads: ( => current thread )
  0x00007f79c40af000 JavaThread "Service Thread" daemon [_thread_blocked, id=24150, stack(0x00007f79c828a000,0x00007f79c838b000)]
  0x00007f79c40ad000 JavaThread "C2 CompilerThread1" daemon [_thread_blocked, id=24149, stack(0x00007f79c838b000,0x00007f79c848c000)]
  0x00007f79c40aa000 JavaThread "C2 CompilerThread0" daemon [_thread_blocked, id=24148, stack(0x00007f79c848c000,0x00007f79c858d000)]
  0x00007f79c40a8000 JavaThread "Signal Dispatcher" daemon [_thread_blocked, id=24147, stack(0x00007f79c858d000,0x00007f79c868e000)]
  0x00007f79c407a800 JavaThread "Finalizer" daemon [_thread_blocked, id=24146, stack(0x00007f79c8826000,0x00007f79c8927000)]
  0x00007f79c4078800 JavaThread "Reference Handler" daemon [_thread_blocked, id=24145, stack(0x00007f79c8927000,0x00007f79c8a28000)]
  0x00007f79c4008800 JavaThread "main" [_thread_blocked, id=24139, stack(0x00007f79cdb15000,0x00007f79cdc16000)]

Other Threads:
=>0x00007f79c4074000 VMThread [stack: 0x00007f79c8a28000,0x00007f79c8b29000] [id=24144]
  0x00007f79c40ba000 WatcherThread [stack: 0x00007f79c8189000,0x00007f79c828a000] [id=24151]

VM state:at safepoint (normal execution)

VM Mutex/Monitor currently owned by a thread:  ([mutex/lock_event])
[0x00007f79c4006700] Threads_lock - owner thread: 0x00007f79c4074000
[0x00007f79c4006c00] Heap_lock - owner thread: 0x00007f79c4008800

Heap
 PSYoungGen      total 134144K, used 5088K [0x00000007d6c80000, 0x00000007df480000, 0x0000000800000000)
  eden space 129024K, 0% used [0x00000007d6c80000,0x00000007d6c80000,0x00000007dea80000)
  from space 5120K, 99% used [0x00000007dea80000,0x00000007def78040,0x00000007def80000)
  to   space 5120K, 0% used [0x00000007def80000,0x00000007def80000,0x00000007df480000)
 ParOldGen       total 83968K, used 47391K [0x0000000784600000, 0x0000000789800000, 0x00000007d6c80000)
  object space 83968K, 56% used [0x0000000784600000,0x0000000787447fc8,0x0000000789800000)
 PSPermGen       total 21504K, used 3815K [0x000000077a000000, 0x000000077b500000, 0x0000000784600000)
  object space 21504K, 17% used [0x000000077a000000,0x000000077a3b9e18,0x000000077b500000)

Card table byte_map: [0x00007f79ca82f000,0x00007f79cac60000] byte_map_base: 0x00007f79c6c5f000

Polling page: 0x00007f79cdc54000

Code Cache  [0x00007f79c1000000, 0x00007f79c1270000, 0x00007f79c4000000)
 total_blobs=398 nmethods=203 adapters=148 free_code_cache=48172Kb largest_free_block=49237568

Compilation events (10 events):
Event: 2,070 Thread 0x00007f79c40ad000  203   !         com.android.dx.rop.type.Type::putIntern (50 bytes)
Event: 2,075 Thread 0x00007f79c40ad000 nmethod 203 0x00007f79c10d8bd0 code [0x00007f79c10d8d60, 0x00007f79c10d9628]
Event: 2,259 Thread 0x00007f79c40aa000  204   !         java.util.zip.ZipFile$ZipFileInputStream::read (125 bytes)
Event: 2,262 Thread 0x00007f79c40aa000 nmethod 204 0x00007f79c1086d10 code [0x00007f79c1086e80, 0x00007f79c10873b8]
Event: 2,294 Thread 0x00007f79c40aa000  206             java.util.zip.ZipFile::access$300 (5 bytes)
Event: 2,294 Thread 0x00007f79c40ad000  205             java.util.zip.ZipFile::access$200 (5 bytes)
Event: 2,294 Thread 0x00007f79c40aa000 nmethod 206 0x00007f79c10cc690 code [0x00007f79c10cc7c0, 0x00007f79c10cc818]
Event: 2,294 Thread 0x00007f79c40ad000 nmethod 205 0x00007f79c10cc3d0 code [0x00007f79c10cc520, 0x00007f79c10cc5b8]
Event: 2,315 Thread 0x00007f79c40aa000  207             java.util.zip.ZipFile::getZipEntry (235 bytes)
Event: 2,325 Thread 0x00007f79c40aa000 nmethod 207 0x00007f79c10d7a50 code [0x00007f79c10d7c60, 0x00007f79c10d8410]

GC Heap History (9 events):
Event: 0,628 GC heap before
{Heap before GC invocations=1 (full 0):
 PSYoungGen      total 37376K, used 32256K [0x00000007d6c80000, 0x00000007d9600000, 0x0000000800000000)
  eden space 32256K, 100% used [0x00000007d6c80000,0x00000007d8c00000,0x00000007d8c00000)
  from space 5120K, 0% used [0x00000007d9100000,0x00000007d9100000,0x00000007d9600000)
  to   space 5120K, 0% used [0x00000007d8c00000,0x00000007d8c00000,0x00000007d9100000)
 ParOldGen       total 83968K, used 0K [0x0000000784600000, 0x0000000789800000, 0x00000007d6c80000)
  object space 83968K, 0% used [0x0000000784600000,0x0000000784600000,0x0000000789800000)
 PSPermGen       total 21504K, used 3738K [0x000000077a000000, 0x000000077b500000, 0x0000000784600000)
  object space 21504K, 17% used [0x000000077a000000,0x000000077a3a68b8,0x000000077b500000)
Event: 0,671 GC heap after
Heap after GC invocations=1 (full 0):
 PSYoungGen      total 37376K, used 4801K [0x00000007d6c80000, 0x00000007db580000, 0x0000000800000000)
  eden space 32256K, 0% used [0x00000007d6c80000,0x00000007d6c80000,0x00000007d8c00000)
  from space 5120K, 93% used [0x00000007d8c00000,0x00000007d90b0670,0x00000007d9100000)
  to   space 5120K, 0% used [0x00000007db080000,0x00000007db080000,0x00000007db580000)
 ParOldGen       total 83968K, used 8K [0x0000000784600000, 0x0000000789800000, 0x00000007d6c80000)
  object space 83968K, 0% used [0x0000000784600000,0x0000000784602000,0x0000000789800000)
 PSPermGen       total 21504K, used 3738K [0x000000077a000000, 0x000000077b500000, 0x0000000784600000)
  object space 21504K, 17% used [0x000000077a000000,0x000000077a3a68b8,0x000000077b500000)
}
Event: 0,823 GC heap before
{Heap before GC invocations=2 (full 0):
 PSYoungGen      total 37376K, used 37057K [0x00000007d6c80000, 0x00000007db580000, 0x0000000800000000)
  eden space 32256K, 100% used [0x00000007d6c80000,0x00000007d8c00000,0x00000007d8c00000)
  from space 5120K, 93% used [0x00000007d8c00000,0x00000007d90b0670,0x00000007d9100000)
  to   space 5120K, 0% used [0x00000007db080000,0x00000007db080000,0x00000007db580000)
 ParOldGen       total 83968K, used 8K [0x0000000784600000, 0x0000000789800000, 0x00000007d6c80000)
  object space 83968K, 0% used [0x0000000784600000,0x0000000784602000,0x0000000789800000)
 PSPermGen       total 21504K, used 3765K [0x000000077a000000, 0x000000077b500000, 0x0000000784600000)
  object space 21504K, 17% used [0x000000077a000000,0x000000077a3ad4f8,0x000000077b500000)
Event: 0,846 GC heap after
Heap after GC invocations=2 (full 0):
 PSYoungGen      total 69632K, used 5088K [0x00000007d6c80000, 0x00000007db580000, 0x0000000800000000)
  eden space 64512K, 0% used [0x00000007d6c80000,0x00000007d6c80000,0x00000007dab80000)
  from space 5120K, 99% used [0x00000007db080000,0x00000007db578050,0x00000007db580000)
  to   space 5120K, 0% used [0x00000007dab80000,0x00000007dab80000,0x00000007db080000)
 ParOldGen       total 83968K, used 1344K [0x0000000784600000, 0x0000000789800000, 0x00000007d6c80000)
  object space 83968K, 1% used [0x0000000784600000,0x0000000784750258,0x0000000789800000)
 PSPermGen       total 21504K, used 3765K [0x000000077a000000, 0x000000077b500000, 0x0000000784600000)
  object space 21504K, 17% used [0x000000077a000000,0x000000077a3ad4f8,0x000000077b500000)
}
Event: 1,174 GC heap before
{Heap before GC invocations=3 (full 0):
 PSYoungGen      total 69632K, used 69600K [0x00000007d6c80000, 0x00000007db580000, 0x0000000800000000)
  eden space 64512K, 100% used [0x00000007d6c80000,0x00000007dab80000,0x00000007dab80000)
  from space 5120K, 99% used [0x00000007db080000,0x00000007db578050,0x00000007db580000)
  to   space 5120K, 0% used [0x00000007dab80000,0x00000007dab80000,0x00000007db080000)
 ParOldGen       total 83968K, used 1344K [0x0000000784600000, 0x0000000789800000, 0x00000007d6c80000)
  object space 83968K, 1% used [0x0000000784600000,0x0000000784750258,0x0000000789800000)
 PSPermGen       total 21504K, used 3778K [0x000000077a000000, 0x000000077b500000, 0x0000000784600000)
  object space 21504K, 17% used [0x000000077a000000,0x000000077a3b0af0,0x000000077b500000)
Event: 1,252 GC heap after
Heap after GC invocations=3 (full 0):
 PSYoungGen      total 69632K, used 5108K [0x00000007d6c80000, 0x00000007df480000, 0x0000000800000000)
  eden space 64512K, 0% used [0x00000007d6c80000,0x00000007d6c80000,0x00000007dab80000)
  from space 5120K, 99% used [0x00000007dab80000,0x00000007db07d060,0x00000007db080000)
  to   space 5120K, 0% used [0x00000007def80000,0x00000007def80000,0x00000007df480000)
 ParOldGen       total 83968K, used 11967K [0x0000000784600000, 0x0000000789800000, 0x00000007d6c80000)
  object space 83968K, 14% used [0x0000000784600000,0x00000007851afe60,0x0000000789800000)
 PSPermGen       total 21504K, used 3778K [0x000000077a000000, 0x000000077b500000, 0x0000000784600000)
  object space 21504K, 17% used [0x000000077a000000,0x000000077a3b0af0,0x000000077b500000)
}
Event: 1,543 GC heap before
{Heap before GC invocations=4 (full 0):
 PSYoungGen      total 69632K, used 69620K [0x00000007d6c80000, 0x00000007df480000, 0x0000000800000000)
  eden space 64512K, 100% used [0x00000007d6c80000,0x00000007dab80000,0x00000007dab80000)
  from space 5120K, 99% used [0x00000007dab80000,0x00000007db07d060,0x00000007db080000)
  to   space 5120K, 0% used [0x00000007def80000,0x00000007def80000,0x00000007df480000)
 ParOldGen       total 83968K, used 11967K [0x0000000784600000, 0x0000000789800000, 0x00000007d6c80000)
  object space 83968K, 14% used [0x0000000784600000,0x00000007851afe60,0x0000000789800000)
 PSPermGen       total 21504K, used 3808K [0x000000077a000000, 0x000000077b500000, 0x0000000784600000)
  object space 21504K, 17% used [0x000000077a000000,0x000000077a3b8100,0x000000077b500000)
Event: 1,697 GC heap after
Heap after GC invocations=4 (full 0):
 PSYoungGen      total 134144K, used 5108K [0x00000007d6c80000, 0x00000007df480000, 0x0000000800000000)
  eden space 129024K, 0% used [0x00000007d6c80000,0x00000007d6c80000,0x00000007dea80000)
  from space 5120K, 99% used [0x00000007def80000,0x00000007df47d060,0x00000007df480000)
  to   space 5120K, 0% used [0x00000007dea80000,0x00000007dea80000,0x00000007def80000)
 ParOldGen       total 83968K, used 23432K [0x0000000784600000, 0x0000000789800000, 0x00000007d6c80000)
  object space 83968K, 27% used [0x0000000784600000,0x0000000785ce2220,0x0000000789800000)
 PSPermGen       total 21504K, used 3808K [0x000000077a000000, 0x000000077b500000, 0x0000000784600000)
  object space 21504K, 17% used [0x000000077a000000,0x000000077a3b8100,0x000000077b500000)
}
Event: 2,384 GC heap before
{Heap before GC invocations=5 (full 0):
 PSYoungGen      total 134144K, used 134132K [0x00000007d6c80000, 0x00000007df480000, 0x0000000800000000)
  eden space 129024K, 100% used [0x00000007d6c80000,0x00000007dea80000,0x00000007dea80000)
  from space 5120K, 99% used [0x00000007def80000,0x00000007df47d060,0x00000007df480000)
  to   space 5120K, 0% used [0x00000007dea80000,0x00000007dea80000,0x00000007def80000)
 ParOldGen       total 83968K, used 23432K [0x0000000784600000, 0x0000000789800000, 0x00000007d6c80000)
  object space 83968K, 27% used [0x0000000784600000,0x0000000785ce2220,0x0000000789800000)
 PSPermGen       total 21504K, used 3815K [0x000000077a000000, 0x000000077b500000, 0x0000000784600000)
  object space 21504K, 17% used [0x000000077a000000,0x000000077a3b9e18,0x000000077b500000)

Deoptimization events (10 events):
Event: 0,700 Thread 0x00007f79c4008800 Uncommon trap: reason=unstable_if action=reinterpret pc=0x00007f79c1092950 method=java.util.HashMap.put(Ljava/lang/Object;Ljava/lang/Object;)Ljava/lang/Object; @ 7
Event: 0,781 Thread 0x00007f79c4008800 Uncommon trap: reason=class_check action=maybe_recompile pc=0x00007f79c10b0808 method=com.android.dx.cf.direct.StdAttributeFactory.constantValue(Lcom/android/dx/cf/direct/DirectClassFile;IILcom/android/dx/cf/iface/ParseObserver;)Lcom/android/dx/cf/iface/A
Event: 0,784 Thread 0x00007f79c4008800 Uncommon trap: reason=class_check action=maybe_recompile pc=0x00007f79c10b0808 method=com.android.dx.cf.direct.StdAttributeFactory.constantValue(Lcom/android/dx/cf/direct/DirectClassFile;IILcom/android/dx/cf/iface/ParseObserver;)Lcom/android/dx/cf/iface/A
Event: 0,786 Thread 0x00007f79c4008800 Uncommon trap: reason=class_check action=maybe_recompile pc=0x00007f79c10b0808 method=com.android.dx.cf.direct.StdAttributeFactory.constantValue(Lcom/android/dx/cf/direct/DirectClassFile;IILcom/android/dx/cf/iface/ParseObserver;)Lcom/android/dx/cf/iface/A
Event: 0,786 Thread 0x00007f79c4008800 Uncommon trap: reason=class_check action=maybe_recompile pc=0x00007f79c10b0808 method=com.android.dx.cf.direct.StdAttributeFactory.constantValue(Lcom/android/dx/cf/direct/DirectClassFile;IILcom/android/dx/cf/iface/ParseObserver;)Lcom/android/dx/cf/iface/A
Event: 0,786 Thread 0x00007f79c4008800 Uncommon trap: reason=unstable_if action=reinterpret pc=0x00007f79c10977d0 method=com.android.dx.cf.iface.StdAttributeList.findFirst(Ljava/lang/String;)Lcom/android/dx/cf/iface/Attribute; @ 30
Event: 0,786 Thread 0x00007f79c4008800 Uncommon trap: reason=unstable_if action=reinterpret pc=0x00007f79c1097f9c method=com.android.dx.cf.iface.StdAttributeList.findFirst(Ljava/lang/String;)Lcom/android/dx/cf/iface/Attribute; @ 30
Event: 0,912 Thread 0x00007f79c4008800 Uncommon trap: reason=unstable_if action=reinterpret pc=0x00007f79c10b5764 method=com.android.dx.cf.direct.StdAttributeFactory.parse0(Lcom/android/dx/cf/direct/DirectClassFile;ILjava/lang/String;IILcom/android/dx/cf/iface/ParseObserver;)Lcom/android/dx/cf
Event: 1,314 Thread 0x00007f79c4008800 Uncommon trap: reason=unstable_if action=reinterpret pc=0x00007f79c10c4870 method=com.android.dx.cf.direct.StdAttributeFactory.parse0(Lcom/android/dx/cf/direct/DirectClassFile;ILjava/lang/String;IILcom/android/dx/cf/iface/ParseObserver;)Lcom/android/dx/cf
Event: 1,472 Thread 0x00007f79c4008800 Uncommon trap: reason=null_check action=make_not_entrant pc=0x00007f79c10f7a88 method=com.android.dx.cf.direct.StdAttributeFactory.enclosingMethod(Lcom/android/dx/cf/direct/DirectClassFile;IILcom/android/dx/cf/iface/ParseObserver;)Lcom/android/dx/cf/iface

Internal exceptions (10 events):
Event: 0,260 Thread 0x00007f79c4008800 Threw 0x00000007d7138d58 at /build/java7-openjdk/src/icedtea-2.6.6/openjdk/hotspot/src/share/vm/prims/jvm.cpp:1322
Event: 0,267 Thread 0x00007f79c4008800 Threw 0x00000007d71be128 at /build/java7-openjdk/src/icedtea-2.6.6/openjdk/hotspot/src/share/vm/prims/jvm.cpp:1322
Event: 0,296 Thread 0x00007f79c4008800 Threw 0x00000007d7343138 at /build/java7-openjdk/src/icedtea-2.6.6/openjdk/hotspot/src/share/vm/prims/jvm.cpp:1322
Event: 0,297 Thread 0x00007f79c4008800 Implicit null exception at 0x00007f79c106d430 to 0x00007f79c106da3d
Event: 0,465 Thread 0x00007f79c4008800 Implicit null exception at 0x00007f79c108586b to 0x00007f79c1086561
Event: 0,476 Thread 0x00007f79c4008800 Threw 0x00000007d7f268a8 at /build/java7-openjdk/src/icedtea-2.6.6/openjdk/hotspot/src/share/vm/prims/jvm.cpp:1322
Event: 0,701 Thread 0x00007f79c4008800 Threw 0x00000007d7337a80 at /build/java7-openjdk/src/icedtea-2.6.6/openjdk/hotspot/src/share/vm/prims/jvm.cpp:1322
Event: 0,701 Thread 0x00007f79c4008800 Threw 0x00000007d7339eb0 at /build/java7-openjdk/src/icedtea-2.6.6/openjdk/hotspot/src/share/vm/prims/jvm.cpp:1322
Event: 0,912 Thread 0x00007f79c4008800 Threw 0x00000007d7c2d030 at /build/java7-openjdk/src/icedtea-2.6.6/openjdk/hotspot/src/share/vm/prims/jvm.cpp:1322
Event: 1,472 Thread 0x00007f79c4008800 Implicit null exception at 0x00007f79c10f585b to 0x00007f79c10f7a7d

Events (10 events):
Event: 1,472 Thread 0x00007f79c4008800 DEOPT UNPACKING pc=0x00007f79c1039445 sp=0x00007f79cdc14518 mode 2
Event: 1,543 Executing VM operation: ParallelGCFailedAllocation
Event: 1,697 Executing VM operation: ParallelGCFailedAllocation done
Event: 1,701 Thread 0x00007f79c40ad000 flushing nmethod 0x00007f79c105ffd0
Event: 1,705 Thread 0x00007f79c40ad000 flushing nmethod 0x00007f79c106ce90
Event: 1,728 Thread 0x00007f79c40ad000 flushing nmethod 0x00007f79c1077b90
Event: 1,732 Thread 0x00007f79c40aa000 flushing nmethod 0x00007f79c1084890
Event: 1,804 loading class 0x00007f79c9d42a20
Event: 1,804 loading class 0x00007f79c9d42a20 done
Event: 2,384 Executing VM operation: ParallelGCFailedAllocation


Dynamic libraries:
00400000-00401000 r-xp 00000000 08:15 288774                             /usr/lib/jvm/java-7-openjdk/jre/bin/java
00600000-00601000 rw-p 00000000 08:15 288774                             /usr/lib/jvm/java-7-openjdk/jre/bin/java
02528000-02549000 rw-p 00000000 00:00 0                                  [heap]
77a000000-77b500000 rw-p 00000000 00:00 0 
77b500000-784600000 rw-p 00000000 00:00 0 
784600000-789800000 rw-p 00000000 00:00 0 
789800000-7d6c80000 rw-p 00000000 00:00 0 
7d6c80000-7df480000 rw-p 00000000 00:00 0 
7ea580000-800000000 rw-p 00000000 00:00 0 
7f7980000000-7f7980021000 rw-p 00000000 00:00 0 
7f7980021000-7f7984000000 ---p 00000000 00:00 0 
7f7988000000-7f798888d000 rw-p 00000000 00:00 0 
7f798888d000-7f798c000000 ---p 00000000 00:00 0 
7f798c000000-7f798c021000 rw-p 00000000 00:00 0 
7f798c021000-7f7990000000 ---p 00000000 00:00 0 
7f7990000000-7f7990021000 rw-p 00000000 00:00 0 
7f7990021000-7f7994000000 ---p 00000000 00:00 0 
7f7994000000-7f7994d09000 rw-p 00000000 00:00 0 
7f7994d09000-7f7998000000 ---p 00000000 00:00 0 
7f7998000000-7f7998021000 rw-p 00000000 00:00 0 
7f7998021000-7f799c000000 ---p 00000000 00:00 0 
7f799c000000-7f799c021000 rw-p 00000000 00:00 0 
7f799c021000-7f79a0000000 ---p 00000000 00:00 0 
7f79a0000000-7f79a0031000 rw-p 00000000 00:00 0 
7f79a0031000-7f79a4000000 ---p 00000000 00:00 0 
7f79a7d00000-7f79ac000000 rw-p 00000000 00:00 0 
7f79ac000000-7f79ac021000 rw-p 00000000 00:00 0 
7f79ac021000-7f79b0000000 ---p 00000000 00:00 0 
7f79b0000000-7f79b0021000 rw-p 00000000 00:00 0 
7f79b0021000-7f79b4000000 ---p 00000000 00:00 0 
7f79b4000000-7f79b4021000 rw-p 00000000 00:00 0 
7f79b4021000-7f79b8000000 ---p 00000000 00:00 0 
7f79bc000000-7f79bc021000 rw-p 00000000 00:00 0 
7f79bc021000-7f79c0000000 ---p 00000000 00:00 0 
7f79c1000000-7f79c1270000 rwxp 00000000 00:00 0 
7f79c1270000-7f79c425f000 rw-p 00000000 00:00 0 
7f79c425f000-7f79c8000000 ---p 00000000 00:00 0 
7f79c8016000-7f79c803c000 r--p 00000000 08:15 1181767                    /usr/share/locale/es/LC_MESSAGES/libc.mo
7f79c803c000-7f79c8068000 rw-p 00000000 00:00 0 
7f79c8068000-7f79c817a000 r--s 00cac000 08:15 795326                     /home/alejandrocq/CloudFitforWear/mobile/build/intermediates/transforms/jarMerging/debug/jars/1/1f/combined.jar
7f79c817a000-7f79c8189000 r--s 000df000 08:01 600213                     /mnt/9E9A091A9A08F117/ArchLinux/Android/build-tools/23.0.2/lib/dx.jar
7f79c8189000-7f79c818a000 ---p 00000000 00:00 0 
7f79c818a000-7f79c828a000 rw-p 00000000 00:00 0 
7f79c828a000-7f79c828d000 ---p 00000000 00:00 0 
7f79c828d000-7f79c838b000 rw-p 00000000 00:00 0 
7f79c838b000-7f79c838e000 ---p 00000000 00:00 0 
7f79c838e000-7f79c848c000 rw-p 00000000 00:00 0 
7f79c848c000-7f79c848f000 ---p 00000000 00:00 0 
7f79c848f000-7f79c858d000 rw-p 00000000 00:00 0 
7f79c858d000-7f79c8590000 ---p 00000000 00:00 0 
7f79c8590000-7f79c868e000 rw-p 00000000 00:00 0 
7f79c868e000-7f79c8826000 r--p 00000000 08:15 1228434                    /usr/lib/locale/locale-archive
7f79c8826000-7f79c8829000 ---p 00000000 00:00 0 
7f79c8829000-7f79c8927000 rw-p 00000000 00:00 0 
7f79c8927000-7f79c892a000 ---p 00000000 00:00 0 
7f79c892a000-7f79c8a28000 rw-p 00000000 00:00 0 
7f79c8a28000-7f79c8a29000 ---p 00000000 00:00 0 
7f79c8a29000-7f79c9ae4000 rw-p 00000000 00:00 0 
7f79c9ae4000-7f79c9c96000 r--s 01d32000 08:15 288296                     /usr/lib/jvm/java-7-openjdk/jre/lib/rt.jar
7f79c9c96000-7f79ca197000 rw-p 00000000 00:00 0 
7f79ca197000-7f79ca198000 ---p 00000000 00:00 0 
7f79ca198000-7f79ca298000 rw-p 00000000 00:00 0 
7f79ca298000-7f79ca299000 ---p 00000000 00:00 0 
7f79ca299000-7f79ca399000 rw-p 00000000 00:00 0 
7f79ca399000-7f79ca39a000 ---p 00000000 00:00 0 
7f79ca39a000-7f79ca49a000 rw-p 00000000 00:00 0 
7f79ca49a000-7f79ca49b000 ---p 00000000 00:00 0 
7f79ca49b000-7f79ca5c4000 rw-p 00000000 00:00 0 
7f79ca5c4000-7f79ca82f000 rw-p 00000000 00:00 0 
7f79ca82f000-7f79ca83a000 rw-p 00000000 00:00 0 
7f79ca83a000-7f79ca882000 rw-p 00000000 00:00 0 
7f79ca882000-7f79ca8ab000 rw-p 00000000 00:00 0 
7f79ca8ab000-7f79cab15000 rw-p 00000000 00:00 0 
7f79cab15000-7f79cab5a000 rw-p 00000000 00:00 0 
7f79cab5a000-7f79cac5f000 rw-p 00000000 00:00 0 
7f79cac5f000-7f79cac6a000 rw-p 00000000 00:00 0 
7f79cac6a000-7f79cad20000 rw-p 00000000 00:00 0 
7f79cad20000-7f79cad28000 r-xp 00000000 08:15 288741                     /usr/lib/jvm/java-7-openjdk/jre/lib/amd64/libzip.so
7f79cad28000-7f79caf27000 ---p 00008000 08:15 288741                     /usr/lib/jvm/java-7-openjdk/jre/lib/amd64/libzip.so
7f79caf27000-7f79caf28000 rw-p 00007000 08:15 288741                     /usr/lib/jvm/java-7-openjdk/jre/lib/amd64/libzip.so
7f79caf28000-7f79caf33000 r-xp 00000000 08:15 1182954                    /usr/lib/libnss_files-2.23.so
7f79caf33000-7f79cb132000 ---p 0000b000 08:15 1182954                    /usr/lib/libnss_files-2.23.so
7f79cb132000-7f79cb133000 r--p 0000a000 08:15 1182954                    /usr/lib/libnss_files-2.23.so
7f79cb133000-7f79cb134000 rw-p 0000b000 08:15 1182954                    /usr/lib/libnss_files-2.23.so
7f79cb134000-7f79cb13a000 rw-p 00000000 00:00 0 
7f79cb13a000-7f79cb165000 r-xp 00000000 08:15 288740                     /usr/lib/jvm/java-7-openjdk/jre/lib/amd64/libjava.so
7f79cb165000-7f79cb365000 ---p 0002b000 08:15 288740                     /usr/lib/jvm/java-7-openjdk/jre/lib/amd64/libjava.so
7f79cb365000-7f79cb367000 rw-p 0002b000 08:15 288740                     /usr/lib/jvm/java-7-openjdk/jre/lib/amd64/libjava.so
7f79cb367000-7f79cb374000 r-xp 00000000 08:15 288739                     /usr/lib/jvm/java-7-openjdk/jre/lib/amd64/libverify.so
7f79cb374000-7f79cb573000 ---p 0000d000 08:15 288739                     /usr/lib/jvm/java-7-openjdk/jre/lib/amd64/libverify.so
7f79cb573000-7f79cb575000 rw-p 0000c000 08:15 288739                     /usr/lib/jvm/java-7-openjdk/jre/lib/amd64/libverify.so
7f79cb575000-7f79cb57c000 r-xp 00000000 08:15 1182962                    /usr/lib/librt-2.23.so
7f79cb57c000-7f79cb77b000 ---p 00007000 08:15 1182962                    /usr/lib/librt-2.23.so
7f79cb77b000-7f79cb77c000 r--p 00006000 08:15 1182962                    /usr/lib/librt-2.23.so
7f79cb77c000-7f79cb77d000 rw-p 00007000 08:15 1182962                    /usr/lib/librt-2.23.so
7f79cb77d000-7f79cb793000 r-xp 00000000 08:15 1183172                    /usr/lib/libgcc_s.so.1
7f79cb793000-7f79cb992000 ---p 00016000 08:15 1183172                    /usr/lib/libgcc_s.so.1
7f79cb992000-7f79cb993000 rw-p 00015000 08:15 1183172                    /usr/lib/libgcc_s.so.1
7f79cb993000-7f79cba96000 r-xp 00000000 08:15 1182959                    /usr/lib/libm-2.23.so
7f79cba96000-7f79cbc95000 ---p 00103000 08:15 1182959                    /usr/lib/libm-2.23.so
7f79cbc95000-7f79cbc96000 r--p 00102000 08:15 1182959                    /usr/lib/libm-2.23.so
7f79cbc96000-7f79cbc97000 rw-p 00103000 08:15 1182959                    /usr/lib/libm-2.23.so
7f79cbc97000-7f79cbe0f000 r-xp 00000000 08:15 1183219                    /usr/lib/libstdc++.so.6.0.22
7f79cbe0f000-7f79cc00e000 ---p 00178000 08:15 1183219                    /usr/lib/libstdc++.so.6.0.22
7f79cc00e000-7f79cc018000 r--p 00177000 08:15 1183219                    /usr/lib/libstdc++.so.6.0.22
7f79cc018000-7f79cc01a000 rw-p 00181000 08:15 1183219                    /usr/lib/libstdc++.so.6.0.22
7f79cc01a000-7f79cc01e000 rw-p 00000000 00:00 0 
7f79cc01e000-7f79ccb6e000 r-xp 00000000 08:15 288773                     /usr/lib/jvm/java-7-openjdk/jre/lib/amd64/server/libjvm.so
7f79ccb6e000-7f79ccd6d000 ---p 00b50000 08:15 288773                     /usr/lib/jvm/java-7-openjdk/jre/lib/amd64/server/libjvm.so
7f79ccd6d000-7f79cce21000 rw-p 00b4f000 08:15 288773                     /usr/lib/jvm/java-7-openjdk/jre/lib/amd64/server/libjvm.so
7f79cce21000-7f79cce4e000 rw-p 00000000 00:00 0 
7f79cce4e000-7f79cce63000 r-xp 00000000 08:15 1186155                    /usr/lib/libz.so.1.2.8
7f79cce63000-7f79cd062000 ---p 00015000 08:15 1186155                    /usr/lib/libz.so.1.2.8
7f79cd062000-7f79cd063000 r--p 00014000 08:15 1186155                    /usr/lib/libz.so.1.2.8
7f79cd063000-7f79cd064000 rw-p 00015000 08:15 1186155                    /usr/lib/libz.so.1.2.8
7f79cd064000-7f79cd1fb000 r-xp 00000000 08:15 1182865                    /usr/lib/libc-2.23.so
7f79cd1fb000-7f79cd3fb000 ---p 00197000 08:15 1182865                    /usr/lib/libc-2.23.so
7f79cd3fb000-7f79cd3ff000 r--p 00197000 08:15 1182865                    /usr/lib/libc-2.23.so
7f79cd3ff000-7f79cd401000 rw-p 0019b000 08:15 1182865                    /usr/lib/libc-2.23.so
7f79cd401000-7f79cd405000 rw-p 00000000 00:00 0 
7f79cd405000-7f79cd407000 r-xp 00000000 08:15 1182958                    /usr/lib/libdl-2.23.so
7f79cd407000-7f79cd607000 ---p 00002000 08:15 1182958                    /usr/lib/libdl-2.23.so
7f79cd607000-7f79cd608000 r--p 00002000 08:15 1182958                    /usr/lib/libdl-2.23.so
7f79cd608000-7f79cd609000 rw-p 00003000 08:15 1182958                    /usr/lib/libdl-2.23.so
7f79cd609000-7f79cd616000 r-xp 00000000 08:15 288769                     /usr/lib/jvm/java-7-openjdk/jre/lib/amd64/jli/libjli.so
7f79cd616000-7f79cd815000 ---p 0000d000 08:15 288769                     /usr/lib/jvm/java-7-openjdk/jre/lib/amd64/jli/libjli.so
7f79cd815000-7f79cd816000 rw-p 0000c000 08:15 288769                     /usr/lib/jvm/java-7-openjdk/jre/lib/amd64/jli/libjli.so
7f79cd816000-7f79cd82e000 r-xp 00000000 08:15 1182837                    /usr/lib/libpthread-2.23.so
7f79cd82e000-7f79cda2d000 ---p 00018000 08:15 1182837                    /usr/lib/libpthread-2.23.so
7f79cda2d000-7f79cda2e000 r--p 00017000 08:15 1182837                    /usr/lib/libpthread-2.23.so
7f79cda2e000-7f79cda2f000 rw-p 00018000 08:15 1182837                    /usr/lib/libpthread-2.23.so
7f79cda2f000-7f79cda33000 rw-p 00000000 00:00 0 
7f79cda33000-7f79cda56000 r-xp 00000000 08:15 1182864                    /usr/lib/ld-2.23.so
7f79cda58000-7f79cdacd000 rw-p 00000000 00:00 0 
7f79cdacd000-7f79cdb15000 rw-p 00000000 00:00 0 
7f79cdb15000-7f79cdb18000 ---p 00000000 00:00 0 
7f79cdb18000-7f79cdc1a000 rw-p 00000000 00:00 0 
7f79cdc1c000-7f79cdc21000 r--s 00019000 08:15 796080                     /home/alejandrocq/CloudFitforWear/mobile/build/intermediates/multi-dex/debug/componentClasses.jar
7f79cdc21000-7f79cdc4b000 rw-p 00000000 00:00 0 
7f79cdc4b000-7f79cdc53000 rw-s 00000000 00:22 1414222                    /tmp/hsperfdata_alejandrocq/24134
7f79cdc53000-7f79cdc54000 rw-p 00000000 00:00 0 
7f79cdc54000-7f79cdc55000 ---p 00000000 00:00 0 
7f79cdc55000-7f79cdc56000 rw-p 00000000 00:00 0 
7f79cdc56000-7f79cdc57000 r--p 00023000 08:15 1182864                    /usr/lib/ld-2.23.so
7f79cdc57000-7f79cdc58000 rw-p 00024000 08:15 1182864                    /usr/lib/ld-2.23.so
7f79cdc58000-7f79cdc59000 rw-p 00000000 00:00 0 
7ffc52e1c000-7ffc52e3d000 rw-p 00000000 00:00 0                          [stack]
7ffc52f62000-7ffc52f65000 r--p 00000000 00:00 0                          [vvar]
7ffc52f65000-7ffc52f67000 r-xp 00000000 00:00 0                          [vdso]
ffffffffff600000-ffffffffff601000 r-xp 00000000 00:00 0                  [vsyscall]

VM Arguments:
jvm_args: -Djava.awt.headless=true -Dfile.encoding=UTF-8 -Duser.country=ES -Duser.language=es -Duser.variant 
java_command: com.android.multidex.ClassReferenceListBuilder /home/alejandrocq/CloudFitforWear/mobile/build/intermediates/multi-dex/debug/componentClasses.jar /home/alejandrocq/CloudFitforWear/mobile/build/intermediates/transforms/jarMerging/debug/jars/1/1f/combined.jar
Launcher Type: SUN_STANDARD

Environment Variables:
PATH=/usr/local/sbin:/usr/local/bin:/usr/bin:/opt/android-sdk/platform-tools:/opt/android-sdk/tools:/usr/lib/jvm/default/bin:/usr/bin/site_perl:/usr/bin/vendor_perl:/usr/bin/core_perl
USERNAME=alejandrocq
LD_LIBRARY_PATH=/opt/android-studio/bin:
SHELL=/usr/bin/zsh
DISPLAY=:0

Signal Handlers:
SIGSEGV: [libjvm.so+0x995b00], sa_mask[0]=0x7ffbfeff, sa_flags=0x10000004
SIGBUS: [libjvm.so+0x995b00], sa_mask[0]=0x7ffbfeff, sa_flags=0x10000004
SIGFPE: [libjvm.so+0x7fcb50], sa_mask[0]=0x7ffbfeff, sa_flags=0x10000004
SIGPIPE: [libjvm.so+0x7fcb50], sa_mask[0]=0x7ffbfeff, sa_flags=0x10000004
SIGXFSZ: [libjvm.so+0x7fcb50], sa_mask[0]=0x7ffbfeff, sa_flags=0x10000004
SIGILL: [libjvm.so+0x7fcb50], sa_mask[0]=0x7ffbfeff, sa_flags=0x10000004
SIGUSR1: SIG_DFL, sa_mask[0]=0x00000000, sa_flags=0x00000000
SIGUSR2: [libjvm.so+0x7fc9d0], sa_mask[0]=0x00000004, sa_flags=0x10000004
SIGHUP: [libjvm.so+0x7fcb60], sa_mask[0]=0x7ffbfeff, sa_flags=0x10000004
SIGINT: [libjvm.so+0x7fcb60], sa_mask[0]=0x7ffbfeff, sa_flags=0x10000004
SIGTERM: [libjvm.so+0x7fcb60], sa_mask[0]=0x7ffbfeff, sa_flags=0x10000004
SIGQUIT: [libjvm.so+0x7fcb60], sa_mask[0]=0x7ffbfeff, sa_flags=0x10000004
SIGTRAP: SIG_DFL, sa_mask[0]=0x00000000, sa_flags=0x00000000


---------------  S Y S T E M  ---------------

OS:Linux
uname:Linux 4.5.4-1-ARCH #1 SMP PREEMPT Wed May 11 22:21:28 CEST 2016 x86_64
libc:glibc 2.23 NPTL 2.23 
rlimit: STACK 8192k, CORE infinity, NPROC 31617, NOFILE 4096, AS infinity
load average:0,58 0,66 0,83

/proc/meminfo:
MemTotal:        8099440 kB
MemFree:          149420 kB
MemAvailable:      73872 kB
Buffers:            3164 kB
Cached:           523860 kB
SwapCached:        27632 kB
Active:          6407872 kB
Inactive:        1267968 kB
Active(anon):    6371976 kB
Inactive(anon):  1231532 kB
Active(file):      35896 kB
Inactive(file):    36436 kB
Unevictable:        2308 kB
Mlocked:            2308 kB
SwapTotal:       1248724 kB
SwapFree:              0 kB
Dirty:             11016 kB
Writeback:             0 kB
AnonPages:       7123324 kB
Mapped:           315776 kB
Shmem:            452660 kB
Slab:             103968 kB
SReclaimable:      52664 kB
SUnreclaim:        51304 kB
KernelStack:       14560 kB
PageTables:        65036 kB
NFS_Unstable:          0 kB
Bounce:                0 kB
WritebackTmp:          0 kB
CommitLimit:     5298444 kB
Committed_AS:   15598464 kB
VmallocTotal:   34359738367 kB
VmallocUsed:           0 kB
VmallocChunk:          0 kB
HardwareCorrupted:     0 kB
AnonHugePages:   2443264 kB
HugePages_Total:       0
HugePages_Free:        0
HugePages_Rsvd:        0
HugePages_Surp:        0
Hugepagesize:       2048 kB
DirectMap4k:      818212 kB
DirectMap2M:     7489536 kB
DirectMap1G:     1048576 kB


CPU:total 4 (2 cores per cpu, 2 threads per core) family 6 model 60 stepping 3, cmov, cx8, fxsr, mmx, sse, sse2, sse3, ssse3, sse4.1, sse4.2, popcnt, avx, avx2, aes, erms, ht, tsc, tscinvbit

/proc/cpuinfo:
processor	: 0
vendor_id	: GenuineIntel
cpu family	: 6
model		: 60
model name	: Intel(R) Core(TM) i5-4200M CPU @ 2.50GHz
stepping	: 3
microcode	: 0x8
cpu MHz		: 3000.000
cache size	: 3072 KB
physical id	: 0
siblings	: 4
core id		: 0
cpu cores	: 2
apicid		: 0
initial apicid	: 0
fpu		: yes
fpu_exception	: yes
cpuid level	: 13
wp		: yes
flags		: fpu vme de pse tsc msr pae mce cx8 apic sep mtrr pge mca cmov pat pse36 clflush dts acpi mmx fxsr sse sse2 ss ht tm pbe syscall nx pdpe1gb rdtscp lm constant_tsc arch_perfmon pebs bts rep_good nopl xtopology nonstop_tsc aperfmperf eagerfpu pni pclmulqdq dtes64 monitor ds_cpl vmx est tm2 ssse3 sdbg fma cx16 xtpr pdcm pcid sse4_1 sse4_2 movbe popcnt tsc_deadline_timer aes xsave avx f16c rdrand lahf_lm abm epb tpr_shadow vnmi flexpriority ept vpid fsgsbase tsc_adjust bmi1 avx2 smep bmi2 erms invpcid xsaveopt dtherm ida arat pln pts
bugs		:
bogomips	: 4990.66
clflush size	: 64
cache_alignment	: 64
address sizes	: 39 bits physical, 48 bits virtual
power management:

processor	: 1
vendor_id	: GenuineIntel
cpu family	: 6
model		: 60
model name	: Intel(R) Core(TM) i5-4200M CPU @ 2.50GHz
stepping	: 3
microcode	: 0x8
cpu MHz		: 2990.039
cache size	: 3072 KB
physical id	: 0
siblings	: 4
core id		: 1
cpu cores	: 2
apicid		: 2
initial apicid	: 2
fpu		: yes
fpu_exception	: yes
cpuid level	: 13
wp		: yes
flags		: fpu vme de pse tsc msr pae mce cx8 apic sep mtrr pge mca cmov pat pse36 clflush dts acpi mmx fxsr sse sse2 ss ht tm pbe syscall nx pdpe1gb rdtscp lm constant_tsc arch_perfmon pebs bts rep_good nopl xtopology nonstop_tsc aperfmperf eagerfpu pni pclmulqdq dtes64 monitor ds_cpl vmx est tm2 ssse3 sdbg fma cx16 xtpr pdcm pcid sse4_1 sse4_2 movbe popcnt tsc_deadline_timer aes xsave avx f16c rdrand lahf_lm abm epb tpr_shadow vnmi flexpriority ept vpid fsgsbase tsc_adjust bmi1 avx2 smep bmi2 erms invpcid xsaveopt dtherm ida arat pln pts
bugs		:
bogomips	: 4990.66
clflush size	: 64
cache_alignment	: 64
address sizes	: 39 bits physical, 48 bits virtual
power management:

processor	: 2
vendor_id	: GenuineIntel
cpu family	: 6
model		: 60
model name	: Intel(R) Core(TM) i5-4200M CPU @ 2.50GHz
stepping	: 3
microcode	: 0x8
cpu MHz		: 3013.378
cache size	: 3072 KB
physical id	: 0
siblings	: 4
core id		: 0
cpu cores	: 2
apicid		: 1
initial apicid	: 1
fpu		: yes
fpu_exception	: yes
cpuid level	: 13
wp		: yes
flags		: fpu vme de pse tsc msr pae mce cx8 apic sep mtrr pge mca cmov pat pse36 clflush dts acpi mmx fxsr sse sse2 ss ht tm pbe syscall nx pdpe1gb rdtscp lm constant_tsc arch_perfmon pebs bts rep_good nopl xtopology nonstop_tsc aperfmperf eagerfpu pni pclmulqdq dtes64 monitor ds_cpl vmx est tm2 ssse3 sdbg fma cx16 xtpr pdcm pcid sse4_1 sse4_2 movbe popcnt tsc_deadline_timer aes xsave avx f16c rdrand lahf_lm abm epb tpr_shadow vnmi flexpriority ept vpid fsgsbase tsc_adjust bmi1 avx2 smep bmi2 erms invpcid xsaveopt dtherm ida arat pln pts
bugs		:
bogomips	: 4990.66
clflush size	: 64
cache_alignment	: 64
address sizes	: 39 bits physical, 48 bits virtual
power management:

processor	: 3
vendor_id	: GenuineIntel
cpu family	: 6
model		: 60
model name	: Intel(R) Core(TM) i5-4200M CPU @ 2.50GHz
stepping	: 3
microcode	: 0x8
cpu MHz		: 2999.609
cache size	: 3072 KB
physical id	: 0
siblings	: 4
core id		: 1
cpu cores	: 2
apicid		: 3
initial apicid	: 3
fpu		: yes
fpu_exception	: yes
cpuid level	: 13
wp		: yes
flags		: fpu vme de pse tsc msr pae mce cx8 apic sep mtrr pge mca cmov pat pse36 clflush dts acpi mmx fxsr sse sse2 ss ht tm pbe syscall nx pdpe1gb rdtscp lm constant_tsc arch_perfmon pebs bts rep_good nopl xtopology nonstop_tsc aperfmperf eagerfpu pni pclmulqdq dtes64 monitor ds_cpl vmx est tm2 ssse3 sdbg fma cx16 xtpr pdcm pcid sse4_1 sse4_2 movbe popcnt tsc_deadline_timer aes xsave avx f16c rdrand lahf_lm abm epb tpr_shadow vnmi flexpriority ept vpid fsgsbase tsc_adjust bmi1 avx2 smep bmi2 erms invpcid xsaveopt dtherm ida arat pln pts
bugs		:
bogomips	: 4990.66
clflush size	: 64
cache_alignment	: 64
address sizes	: 39 bits physical, 48 bits virtual
power management:



Memory: 4k page, physical 8099440k(149420k free), swap 1248724k(0k free)

vm_info: OpenJDK 64-Bit Server VM (24.95-b01) for linux-amd64 JRE (1.7.0_101-b00), built on May  2 2016 15:39:24 by "builduser" with gcc 5.3.0

time: Mon May 23 00:31:27 2016
elapsed time: 2 seconds

