#
# There is insufficient memory for the Java Runtime Environment to continue.
# Native memory allocation (malloc) failed to allocate 187695104 bytes for committing reserved memory.
# Possible reasons:
#   The system is out of physical RAM or swap space
#   In 32 bit mode, the process size limit was hit
# Possible solutions:
#   Reduce memory load on the system
#   Increase physical memory or swap space
#   Check if swap backing store is full
#   Use 64 bit Java on a 64 bit OS
#   Decrease Java heap size (-Xmx/-Xms)
#   Decrease number of Java threads
#   Decrease Java thread stack sizes (-Xss)
#   Set larger code cache with -XX:ReservedCodeCacheSize=
# This output file may be truncated or incomplete.
#
#  Out of Memory Error (os_linux.cpp:2827), pid=14623, tid=139781373630208
#
# JRE version: OpenJDK Runtime Environment (7.0_101) (build 1.7.0_101-b00)
# Java VM: OpenJDK 64-Bit Server VM (24.95-b01 mixed mode linux-amd64 compressed oops)
# Derivative: IcedTea 2.6.6
# Distribution: Custom build (Mon May  2 15:33:26 UTC 2016)
# Core dump written. Default location: /home/alejandrocq/CloudFitforWear/mobile/core or core.14623
#

---------------  T H R E A D  ---------------

Current thread (0x00007f216c074000):  VMThread [stack: 0x00007f21630f1000,0x00007f21631f2000] [id=14633]

Stack: [0x00007f21630f1000,0x00007f21631f2000],  sp=0x00007f21631f04f0,  free space=1021k
Native frames: (J=compiled Java code, j=interpreted, Vv=VM code, C=native code)
V  [libjvm.so+0x994fa3]
V  [libjvm.so+0x48b35f]
V  [libjvm.so+0x80187b]
V  [libjvm.so+0x7fbcee]
V  [libjvm.so+0x871e2b]
V  [libjvm.so+0x873793]
V  [libjvm.so+0x86f9f8]
V  [libjvm.so+0x86fcdc]
V  [libjvm.so+0x825183]
V  [libjvm.so+0x996a42]
V  [libjvm.so+0x99b787]
V  [libjvm.so+0x999018]
V  [libjvm.so+0x99a38f]
V  [libjvm.so+0x99a881]
V  [libjvm.so+0x7fe7b2]

VM_Operation (0x00007f2173302640): ParallelGCFailedAllocation, mode: safepoint, requested by thread 0x00007f216c008800


---------------  P R O C E S S  ---------------

Java Threads: ( => current thread )
  0x00007f216c0af000 JavaThread "Service Thread" daemon [_thread_blocked, id=14639, stack(0x00007f2162953000,0x00007f2162a54000)]
  0x00007f216c0ad000 JavaThread "C2 CompilerThread1" daemon [_thread_blocked, id=14638, stack(0x00007f2162a54000,0x00007f2162b55000)]
  0x00007f216c0aa000 JavaThread "C2 CompilerThread0" daemon [_thread_blocked, id=14637, stack(0x00007f2162b55000,0x00007f2162c56000)]
  0x00007f216c0a8000 JavaThread "Signal Dispatcher" daemon [_thread_blocked, id=14636, stack(0x00007f2162c56000,0x00007f2162d57000)]
  0x00007f216c07a800 JavaThread "Finalizer" daemon [_thread_blocked, id=14635, stack(0x00007f2162eef000,0x00007f2162ff0000)]
  0x00007f216c078800 JavaThread "Reference Handler" daemon [_thread_blocked, id=14634, stack(0x00007f2162ff0000,0x00007f21630f1000)]
  0x00007f216c008800 JavaThread "main" [_thread_blocked, id=14626, stack(0x00007f2173203000,0x00007f2173304000)]

Other Threads:
=>0x00007f216c074000 VMThread [stack: 0x00007f21630f1000,0x00007f21631f2000] [id=14633]
  0x00007f216c0b9800 WatcherThread [stack: 0x00007f2162852000,0x00007f2162953000] [id=14640]

VM state:at safepoint (normal execution)

VM Mutex/Monitor currently owned by a thread:  ([mutex/lock_event])
[0x00007f216c006700] Threads_lock - owner thread: 0x00007f216c074000
[0x00007f216c006c00] Heap_lock - owner thread: 0x00007f216c008800

Heap
 PSYoungGen      total 134144K, used 5108K [0x00000007d6c80000, 0x00000007df480000, 0x0000000800000000)
  eden space 129024K, 0% used [0x00000007d6c80000,0x00000007d6c80000,0x00000007dea80000)
  from space 5120K, 99% used [0x00000007dea80000,0x00000007def7d030,0x00000007def80000)
  to   space 5120K, 0% used [0x00000007def80000,0x00000007def80000,0x00000007df480000)
 ParOldGen       total 83968K, used 48356K [0x0000000784600000, 0x0000000789800000, 0x00000007d6c80000)
  object space 83968K, 57% used [0x0000000784600000,0x0000000787539038,0x0000000789800000)
 PSPermGen       total 21504K, used 3812K [0x000000077a000000, 0x000000077b500000, 0x0000000784600000)
  object space 21504K, 17% used [0x000000077a000000,0x000000077a3b9320,0x000000077b500000)

Card table byte_map: [0x00007f2168bcf000,0x00007f2169000000] byte_map_base: 0x00007f2164fff000

Polling page: 0x00007f2173342000

Code Cache  [0x00007f2169000000, 0x00007f2169270000, 0x00007f216c000000)
 total_blobs=397 nmethods=202 adapters=148 free_code_cache=48164Kb largest_free_block=49239488

Compilation events (10 events):
Event: 1,621 Thread 0x00007f216c0ad000  201   !         com.android.dx.rop.type.Type::putIntern (50 bytes)
Event: 1,627 Thread 0x00007f216c0ad000 nmethod 201 0x00007f216908ff10 code [0x00007f21690900a0, 0x00007f2169090968]
Event: 1,669 Thread 0x00007f216c0aa000  203   !         java.util.zip.ZipFile$ZipFileInputStream::read (125 bytes)
Event: 1,673 Thread 0x00007f216c0aa000 nmethod 203 0x00007f21690f0590 code [0x00007f21690f0700, 0x00007f21690f0c38]
Event: 1,744 Thread 0x00007f216c0ad000  204  s          java.io.ByteArrayOutputStream::write (66 bytes)
Event: 1,744 Thread 0x00007f216c0aa000  205             java.io.ByteArrayOutputStream::ensureCapacity (16 bytes)
Event: 1,745 Thread 0x00007f216c0aa000 nmethod 205 0x00007f216908fc90 code [0x00007f216908fde0, 0x00007f216908fe78]
Event: 1,746 Thread 0x00007f216c0aa000  206             com.android.dx.cf.attrib.AttSignature::byteLength (3 bytes)
Event: 1,746 Thread 0x00007f216c0aa000 nmethod 206 0x00007f21690b3f50 code [0x00007f21690b4080, 0x00007f21690b40d8]
Event: 1,746 Thread 0x00007f216c0ad000 nmethod 204 0x00007f21690efd50 code [0x00007f21690efea0, 0x00007f21690f0338]

GC Heap History (9 events):
Event: 0,591 GC heap before
{Heap before GC invocations=1 (full 0):
 PSYoungGen      total 37376K, used 32256K [0x00000007d6c80000, 0x00000007d9600000, 0x0000000800000000)
  eden space 32256K, 100% used [0x00000007d6c80000,0x00000007d8c00000,0x00000007d8c00000)
  from space 5120K, 0% used [0x00000007d9100000,0x00000007d9100000,0x00000007d9600000)
  to   space 5120K, 0% used [0x00000007d8c00000,0x00000007d8c00000,0x00000007d9100000)
 ParOldGen       total 83968K, used 0K [0x0000000784600000, 0x0000000789800000, 0x00000007d6c80000)
  object space 83968K, 0% used [0x0000000784600000,0x0000000784600000,0x0000000789800000)
 PSPermGen       total 21504K, used 3738K [0x000000077a000000, 0x000000077b500000, 0x0000000784600000)
  object space 21504K, 17% used [0x000000077a000000,0x000000077a3a6b70,0x000000077b500000)
Event: 0,598 GC heap after
Heap after GC invocations=1 (full 0):
 PSYoungGen      total 37376K, used 4703K [0x00000007d6c80000, 0x00000007db580000, 0x0000000800000000)
  eden space 32256K, 0% used [0x00000007d6c80000,0x00000007d6c80000,0x00000007d8c00000)
  from space 5120K, 91% used [0x00000007d8c00000,0x00000007d9097fd0,0x00000007d9100000)
  to   space 5120K, 0% used [0x00000007db080000,0x00000007db080000,0x00000007db580000)
 ParOldGen       total 83968K, used 8K [0x0000000784600000, 0x0000000789800000, 0x00000007d6c80000)
  object space 83968K, 0% used [0x0000000784600000,0x0000000784602000,0x0000000789800000)
 PSPermGen       total 21504K, used 3738K [0x000000077a000000, 0x000000077b500000, 0x0000000784600000)
  object space 21504K, 17% used [0x000000077a000000,0x000000077a3a6b70,0x000000077b500000)
}
Event: 0,743 GC heap before
{Heap before GC invocations=2 (full 0):
 PSYoungGen      total 37376K, used 36959K [0x00000007d6c80000, 0x00000007db580000, 0x0000000800000000)
  eden space 32256K, 100% used [0x00000007d6c80000,0x00000007d8c00000,0x00000007d8c00000)
  from space 5120K, 91% used [0x00000007d8c00000,0x00000007d9097fd0,0x00000007d9100000)
  to   space 5120K, 0% used [0x00000007db080000,0x00000007db080000,0x00000007db580000)
 ParOldGen       total 83968K, used 8K [0x0000000784600000, 0x0000000789800000, 0x00000007d6c80000)
  object space 83968K, 0% used [0x0000000784600000,0x0000000784602000,0x0000000789800000)
 PSPermGen       total 21504K, used 3760K [0x000000077a000000, 0x000000077b500000, 0x0000000784600000)
  object space 21504K, 17% used [0x000000077a000000,0x000000077a3ac330,0x000000077b500000)
Event: 0,754 GC heap after
Heap after GC invocations=2 (full 0):
 PSYoungGen      total 69632K, used 5108K [0x00000007d6c80000, 0x00000007db580000, 0x0000000800000000)
  eden space 64512K, 0% used [0x00000007d6c80000,0x00000007d6c80000,0x00000007dab80000)
  from space 5120K, 99% used [0x00000007db080000,0x00000007db57d360,0x00000007db580000)
  to   space 5120K, 0% used [0x00000007dab80000,0x00000007dab80000,0x00000007db080000)
 ParOldGen       total 83968K, used 2407K [0x0000000784600000, 0x0000000789800000, 0x00000007d6c80000)
  object space 83968K, 2% used [0x0000000784600000,0x0000000784859db8,0x0000000789800000)
 PSPermGen       total 21504K, used 3760K [0x000000077a000000, 0x000000077b500000, 0x0000000784600000)
  object space 21504K, 17% used [0x000000077a000000,0x000000077a3ac330,0x000000077b500000)
}
Event: 1,042 GC heap before
{Heap before GC invocations=3 (full 0):
 PSYoungGen      total 69632K, used 69620K [0x00000007d6c80000, 0x00000007db580000, 0x0000000800000000)
  eden space 64512K, 100% used [0x00000007d6c80000,0x00000007dab80000,0x00000007dab80000)
  from space 5120K, 99% used [0x00000007db080000,0x00000007db57d360,0x00000007db580000)
  to   space 5120K, 0% used [0x00000007dab80000,0x00000007dab80000,0x00000007db080000)
 ParOldGen       total 83968K, used 2407K [0x0000000784600000, 0x0000000789800000, 0x00000007d6c80000)
  object space 83968K, 2% used [0x0000000784600000,0x0000000784859db8,0x0000000789800000)
 PSPermGen       total 21504K, used 3778K [0x000000077a000000, 0x000000077b500000, 0x0000000784600000)
  object space 21504K, 17% used [0x000000077a000000,0x000000077a3b08b8,0x000000077b500000)
Event: 1,075 GC heap after
Heap after GC invocations=3 (full 0):
 PSYoungGen      total 69632K, used 5108K [0x00000007d6c80000, 0x00000007df480000, 0x0000000800000000)
  eden space 64512K, 0% used [0x00000007d6c80000,0x00000007d6c80000,0x00000007dab80000)
  from space 5120K, 99% used [0x00000007dab80000,0x00000007db07d060,0x00000007db080000)
  to   space 5120K, 0% used [0x00000007def80000,0x00000007def80000,0x00000007df480000)
 ParOldGen       total 83968K, used 11360K [0x0000000784600000, 0x0000000789800000, 0x00000007d6c80000)
  object space 83968K, 13% used [0x0000000784600000,0x0000000785118168,0x0000000789800000)
 PSPermGen       total 21504K, used 3778K [0x000000077a000000, 0x000000077b500000, 0x0000000784600000)
  object space 21504K, 17% used [0x000000077a000000,0x000000077a3b08b8,0x000000077b500000)
}
Event: 1,324 GC heap before
{Heap before GC invocations=4 (full 0):
 PSYoungGen      total 69632K, used 69620K [0x00000007d6c80000, 0x00000007df480000, 0x0000000800000000)
  eden space 64512K, 100% used [0x00000007d6c80000,0x00000007dab80000,0x00000007dab80000)
  from space 5120K, 99% used [0x00000007dab80000,0x00000007db07d060,0x00000007db080000)
  to   space 5120K, 0% used [0x00000007def80000,0x00000007def80000,0x00000007df480000)
 ParOldGen       total 83968K, used 11360K [0x0000000784600000, 0x0000000789800000, 0x00000007d6c80000)
  object space 83968K, 13% used [0x0000000784600000,0x0000000785118168,0x0000000789800000)
 PSPermGen       total 21504K, used 3808K [0x000000077a000000, 0x000000077b500000, 0x0000000784600000)
  object space 21504K, 17% used [0x000000077a000000,0x000000077a3b8188,0x000000077b500000)
Event: 1,367 GC heap after
Heap after GC invocations=4 (full 0):
 PSYoungGen      total 134144K, used 5108K [0x00000007d6c80000, 0x00000007df480000, 0x0000000800000000)
  eden space 129024K, 0% used [0x00000007d6c80000,0x00000007d6c80000,0x00000007dea80000)
  from space 5120K, 99% used [0x00000007def80000,0x00000007df47d060,0x00000007df480000)
  to   space 5120K, 0% used [0x00000007dea80000,0x00000007dea80000,0x00000007def80000)
 ParOldGen       total 83968K, used 23015K [0x0000000784600000, 0x0000000789800000, 0x00000007d6c80000)
  object space 83968K, 27% used [0x0000000784600000,0x0000000785c79e80,0x0000000789800000)
 PSPermGen       total 21504K, used 3808K [0x000000077a000000, 0x000000077b500000, 0x0000000784600000)
  object space 21504K, 17% used [0x000000077a000000,0x000000077a3b8188,0x000000077b500000)
}
Event: 1,749 GC heap before
{Heap before GC invocations=5 (full 0):
 PSYoungGen      total 134144K, used 134132K [0x00000007d6c80000, 0x00000007df480000, 0x0000000800000000)
  eden space 129024K, 100% used [0x00000007d6c80000,0x00000007dea80000,0x00000007dea80000)
  from space 5120K, 99% used [0x00000007def80000,0x00000007df47d060,0x00000007df480000)
  to   space 5120K, 0% used [0x00000007dea80000,0x00000007dea80000,0x00000007def80000)
 ParOldGen       total 83968K, used 23015K [0x0000000784600000, 0x0000000789800000, 0x00000007d6c80000)
  object space 83968K, 27% used [0x0000000784600000,0x0000000785c79e80,0x0000000789800000)
 PSPermGen       total 21504K, used 3812K [0x000000077a000000, 0x000000077b500000, 0x0000000784600000)
  object space 21504K, 17% used [0x000000077a000000,0x000000077a3b9320,0x000000077b500000)

Deoptimization events (9 events):
Event: 0,236 Thread 0x00007f216c008800 Uncommon trap: reason=unstable_if action=reinterpret pc=0x00007f2169060240 method=java.lang.String.indexOf(II)I @ 49
Event: 0,296 Thread 0x00007f216c008800 Uncommon trap: reason=null_check action=make_not_entrant pc=0x00007f216906a948 method=com.android.dx.rop.type.Type.putIntern(Lcom/android/dx/rop/type/Type;)Lcom/android/dx/rop/type/Type; @ 18
Event: 0,357 Thread 0x00007f216c008800 Uncommon trap: reason=unloaded action=reinterpret pc=0x00007f2169079124 method=com.android.dx.cf.cst.ConstantPoolParser.parse0(ILjava/util/BitSet;)Lcom/android/dx/rop/cst/Constant; @ 176
Event: 0,507 Thread 0x00007f216c008800 Uncommon trap: reason=null_check action=make_not_entrant pc=0x00007f2169091840 method=com.android.dx.rop.type.Prototype.putIntern(Lcom/android/dx/rop/type/Prototype;)Lcom/android/dx/rop/type/Prototype; @ 18
Event: 0,642 Thread 0x00007f216c008800 Uncommon trap: reason=unstable_if action=reinterpret pc=0x00007f21690960d8 method=com.android.dx.cf.direct.StdAttributeFactory.parse0(Lcom/android/dx/cf/direct/DirectClassFile;ILjava/lang/String;IILcom/android/dx/cf/iface/ParseObserver;)Lcom/android/dx/cf
Event: 0,644 Thread 0x00007f216c008800 Uncommon trap: reason=unstable_if action=reinterpret pc=0x00007f216908e990 method=java.util.HashMap.put(Ljava/lang/Object;Ljava/lang/Object;)Ljava/lang/Object; @ 7
Event: 0,975 Thread 0x00007f216c008800 Uncommon trap: reason=unstable_if action=reinterpret pc=0x00007f21690b7754 method=com.android.dx.cf.direct.StdAttributeFactory.parse0(Lcom/android/dx/cf/direct/DirectClassFile;ILjava/lang/String;IILcom/android/dx/cf/iface/ParseObserver;)Lcom/android/dx/cf
Event: 1,145 Thread 0x00007f216c008800 Uncommon trap: reason=unstable_if action=reinterpret pc=0x00007f21690d5610 method=com.android.dx.cf.direct.StdAttributeFactory.parse0(Lcom/android/dx/cf/direct/DirectClassFile;ILjava/lang/String;IILcom/android/dx/cf/iface/ParseObserver;)Lcom/android/dx/cf
Event: 1,260 Thread 0x00007f216c008800 Uncommon trap: reason=null_check action=make_not_entrant pc=0x00007f21690f4bdc method=com.android.dx.cf.direct.StdAttributeFactory.enclosingMethod(Lcom/android/dx/cf/direct/DirectClassFile;IILcom/android/dx/cf/iface/ParseObserver;)Lcom/android/dx/cf/iface

Internal exceptions (10 events):
Event: 0,265 Thread 0x00007f216c008800 Threw 0x00000007d714f788 at /build/java7-openjdk/src/icedtea-2.6.6/openjdk/hotspot/src/share/vm/prims/jvm.cpp:1322
Event: 0,272 Thread 0x00007f216c008800 Threw 0x00000007d71d0a10 at /build/java7-openjdk/src/icedtea-2.6.6/openjdk/hotspot/src/share/vm/prims/jvm.cpp:1322
Event: 0,296 Thread 0x00007f216c008800 Implicit null exception at 0x00007f216906a330 to 0x00007f216906a93d
Event: 0,317 Thread 0x00007f216c008800 Threw 0x00000007d748ef08 at /build/java7-openjdk/src/icedtea-2.6.6/openjdk/hotspot/src/share/vm/prims/jvm.cpp:1322
Event: 0,507 Thread 0x00007f216c008800 Threw 0x00000007d80a6500 at /build/java7-openjdk/src/icedtea-2.6.6/openjdk/hotspot/src/share/vm/prims/jvm.cpp:1322
Event: 0,507 Thread 0x00007f216c008800 Implicit null exception at 0x00007f216909035b to 0x00007f2169091835
Event: 0,645 Thread 0x00007f216c008800 Threw 0x00000007d770ad58 at /build/java7-openjdk/src/icedtea-2.6.6/openjdk/hotspot/src/share/vm/prims/jvm.cpp:1322
Event: 0,646 Thread 0x00007f216c008800 Threw 0x00000007d770d188 at /build/java7-openjdk/src/icedtea-2.6.6/openjdk/hotspot/src/share/vm/prims/jvm.cpp:1322
Event: 0,759 Thread 0x00007f216c008800 Threw 0x00000007d6d51848 at /build/java7-openjdk/src/icedtea-2.6.6/openjdk/hotspot/src/share/vm/prims/jvm.cpp:1322
Event: 1,260 Thread 0x00007f216c008800 Implicit null exception at 0x00007f21690f2c17 to 0x00007f21690f4bd1

Events (10 events):
Event: 1,260 Thread 0x00007f216c008800 DEOPT UNPACKING pc=0x00007f2169039445 sp=0x00007f2173302578 mode 2
Event: 1,324 Executing VM operation: ParallelGCFailedAllocation
Event: 1,367 Executing VM operation: ParallelGCFailedAllocation done
Event: 1,368 Thread 0x00007f216c0ad000 flushing nmethod 0x00007f216905ffd0
Event: 1,383 Thread 0x00007f216c0aa000 flushing nmethod 0x00007f2169069d90
Event: 1,386 Thread 0x00007f216c0ad000 flushing nmethod 0x00007f2169078450
Event: 1,397 Thread 0x00007f216c0ad000 flushing nmethod 0x00007f216908fb90
Event: 1,433 loading class 0x00007f2170095a20
Event: 1,433 loading class 0x00007f2170095a20 done
Event: 1,749 Executing VM operation: ParallelGCFailedAllocation


Dynamic libraries:
00400000-00401000 r-xp 00000000 08:15 288774                             /usr/lib/jvm/java-7-openjdk/jre/bin/java
00600000-00601000 rw-p 00000000 08:15 288774                             /usr/lib/jvm/java-7-openjdk/jre/bin/java
0193a000-0195b000 rw-p 00000000 00:00 0                                  [heap]
77a000000-77b500000 rw-p 00000000 00:00 0 
77b500000-784600000 rw-p 00000000 00:00 0 
784600000-789800000 rw-p 00000000 00:00 0 
789800000-7d6c80000 rw-p 00000000 00:00 0 
7d6c80000-7df480000 rw-p 00000000 00:00 0 
7ea780000-800000000 rw-p 00000000 00:00 0 
7f2128000000-7f2128021000 rw-p 00000000 00:00 0 
7f2128021000-7f212c000000 ---p 00000000 00:00 0 
7f212c000000-7f212c021000 rw-p 00000000 00:00 0 
7f212c021000-7f2130000000 ---p 00000000 00:00 0 
7f2130000000-7f2130741000 rw-p 00000000 00:00 0 
7f2130741000-7f2134000000 ---p 00000000 00:00 0 
7f2134000000-7f213462e000 rw-p 00000000 00:00 0 
7f213462e000-7f2138000000 ---p 00000000 00:00 0 
7f2138000000-7f2138021000 rw-p 00000000 00:00 0 
7f2138021000-7f213c000000 ---p 00000000 00:00 0 
7f213c000000-7f213c021000 rw-p 00000000 00:00 0 
7f213c021000-7f2140000000 ---p 00000000 00:00 0 
7f2140000000-7f2140021000 rw-p 00000000 00:00 0 
7f2140021000-7f2144000000 ---p 00000000 00:00 0 
7f2147d00000-7f214c000000 rw-p 00000000 00:00 0 
7f214c000000-7f214c021000 rw-p 00000000 00:00 0 
7f214c021000-7f2150000000 ---p 00000000 00:00 0 
7f2150000000-7f2150031000 rw-p 00000000 00:00 0 
7f2150031000-7f2154000000 ---p 00000000 00:00 0 
7f2154000000-7f2154021000 rw-p 00000000 00:00 0 
7f2154021000-7f2158000000 ---p 00000000 00:00 0 
7f215c000000-7f215c021000 rw-p 00000000 00:00 0 
7f215c021000-7f2160000000 ---p 00000000 00:00 0 
7f21626c9000-7f21626ef000 r--p 00000000 08:15 1181767                    /usr/share/locale/es/LC_MESSAGES/libc.mo
7f21626ef000-7f2162720000 rw-p 00000000 00:00 0 
7f2162720000-7f2162852000 r--s 00dca000 08:15 795326                     /home/alejandrocq/CloudFitforWear/mobile/build/intermediates/transforms/jarMerging/debug/jars/1/1f/combined.jar
7f2162852000-7f2162853000 ---p 00000000 00:00 0 
7f2162853000-7f2162953000 rw-p 00000000 00:00 0 
7f2162953000-7f2162956000 ---p 00000000 00:00 0 
7f2162956000-7f2162a54000 rw-p 00000000 00:00 0 
7f2162a54000-7f2162a57000 ---p 00000000 00:00 0 
7f2162a57000-7f2162b55000 rw-p 00000000 00:00 0 
7f2162b55000-7f2162b58000 ---p 00000000 00:00 0 
7f2162b58000-7f2162c56000 rw-p 00000000 00:00 0 
7f2162c56000-7f2162c59000 ---p 00000000 00:00 0 
7f2162c59000-7f2162d57000 rw-p 00000000 00:00 0 
7f2162d57000-7f2162eef000 r--p 00000000 08:15 1228434                    /usr/lib/locale/locale-archive
7f2162eef000-7f2162ef2000 ---p 00000000 00:00 0 
7f2162ef2000-7f2162ff0000 rw-p 00000000 00:00 0 
7f2162ff0000-7f2162ff3000 ---p 00000000 00:00 0 
7f2162ff3000-7f21630f1000 rw-p 00000000 00:00 0 
7f21630f1000-7f21630f2000 ---p 00000000 00:00 0 
7f21630f2000-7f2164000000 rw-p 00000000 00:00 0 
7f2164000000-7f2164021000 rw-p 00000000 00:00 0 
7f2164021000-7f2168000000 ---p 00000000 00:00 0 
7f216800f000-7f2168173000 rw-p 00000000 00:00 0 
7f2168173000-7f2168325000 r--s 01d32000 08:15 288296                     /usr/lib/jvm/java-7-openjdk/jre/lib/rt.jar
7f2168325000-7f21687cb000 rw-p 00000000 00:00 0 
7f21687cb000-7f21687cc000 ---p 00000000 00:00 0 
7f21687cc000-7f21688cc000 rw-p 00000000 00:00 0 
7f21688cc000-7f21688cd000 ---p 00000000 00:00 0 
7f21688cd000-7f21689cd000 rw-p 00000000 00:00 0 
7f21689cd000-7f21689ce000 ---p 00000000 00:00 0 
7f21689ce000-7f2168ace000 rw-p 00000000 00:00 0 
7f2168ace000-7f2168acf000 ---p 00000000 00:00 0 
7f2168acf000-7f2168bda000 rw-p 00000000 00:00 0 
7f2168bda000-7f2168c22000 rw-p 00000000 00:00 0 
7f2168c22000-7f2168c4b000 rw-p 00000000 00:00 0 
7f2168c4b000-7f2168eb5000 rw-p 00000000 00:00 0 
7f2168eb5000-7f2168efa000 rw-p 00000000 00:00 0 
7f2168efa000-7f2168fff000 rw-p 00000000 00:00 0 
7f2168fff000-7f2169000000 rw-p 00000000 00:00 0 
7f2169000000-7f2169270000 rwxp 00000000 00:00 0 
7f2169270000-7f216c248000 rw-p 00000000 00:00 0 
7f216c248000-7f2170000000 ---p 00000000 00:00 0 
7f2170007000-7f2170016000 r--s 000df000 08:01 600213                     /mnt/9E9A091A9A08F117/ArchLinux/Android/build-tools/23.0.2/lib/dx.jar
7f2170016000-7f21700e3000 rw-p 00000000 00:00 0 
7f21700e3000-7f217034e000 rw-p 00000000 00:00 0 
7f217034e000-7f2170358000 rw-p 00000000 00:00 0 
7f2170358000-7f217040e000 rw-p 00000000 00:00 0 
7f217040e000-7f2170416000 r-xp 00000000 08:15 288741                     /usr/lib/jvm/java-7-openjdk/jre/lib/amd64/libzip.so
7f2170416000-7f2170615000 ---p 00008000 08:15 288741                     /usr/lib/jvm/java-7-openjdk/jre/lib/amd64/libzip.so
7f2170615000-7f2170616000 rw-p 00007000 08:15 288741                     /usr/lib/jvm/java-7-openjdk/jre/lib/amd64/libzip.so
7f2170616000-7f2170621000 r-xp 00000000 08:15 1182954                    /usr/lib/libnss_files-2.23.so
7f2170621000-7f2170820000 ---p 0000b000 08:15 1182954                    /usr/lib/libnss_files-2.23.so
7f2170820000-7f2170821000 r--p 0000a000 08:15 1182954                    /usr/lib/libnss_files-2.23.so
7f2170821000-7f2170822000 rw-p 0000b000 08:15 1182954                    /usr/lib/libnss_files-2.23.so
7f2170822000-7f2170828000 rw-p 00000000 00:00 0 
7f2170828000-7f2170853000 r-xp 00000000 08:15 288740                     /usr/lib/jvm/java-7-openjdk/jre/lib/amd64/libjava.so
7f2170853000-7f2170a53000 ---p 0002b000 08:15 288740                     /usr/lib/jvm/java-7-openjdk/jre/lib/amd64/libjava.so
7f2170a53000-7f2170a55000 rw-p 0002b000 08:15 288740                     /usr/lib/jvm/java-7-openjdk/jre/lib/amd64/libjava.so
7f2170a55000-7f2170a62000 r-xp 00000000 08:15 288739                     /usr/lib/jvm/java-7-openjdk/jre/lib/amd64/libverify.so
7f2170a62000-7f2170c61000 ---p 0000d000 08:15 288739                     /usr/lib/jvm/java-7-openjdk/jre/lib/amd64/libverify.so
7f2170c61000-7f2170c63000 rw-p 0000c000 08:15 288739                     /usr/lib/jvm/java-7-openjdk/jre/lib/amd64/libverify.so
7f2170c63000-7f2170c6a000 r-xp 00000000 08:15 1182962                    /usr/lib/librt-2.23.so
7f2170c6a000-7f2170e69000 ---p 00007000 08:15 1182962                    /usr/lib/librt-2.23.so
7f2170e69000-7f2170e6a000 r--p 00006000 08:15 1182962                    /usr/lib/librt-2.23.so
7f2170e6a000-7f2170e6b000 rw-p 00007000 08:15 1182962                    /usr/lib/librt-2.23.so
7f2170e6b000-7f2170e81000 r-xp 00000000 08:15 1183172                    /usr/lib/libgcc_s.so.1
7f2170e81000-7f2171080000 ---p 00016000 08:15 1183172                    /usr/lib/libgcc_s.so.1
7f2171080000-7f2171081000 rw-p 00015000 08:15 1183172                    /usr/lib/libgcc_s.so.1
7f2171081000-7f2171184000 r-xp 00000000 08:15 1182959                    /usr/lib/libm-2.23.so
7f2171184000-7f2171383000 ---p 00103000 08:15 1182959                    /usr/lib/libm-2.23.so
7f2171383000-7f2171384000 r--p 00102000 08:15 1182959                    /usr/lib/libm-2.23.so
7f2171384000-7f2171385000 rw-p 00103000 08:15 1182959                    /usr/lib/libm-2.23.so
7f2171385000-7f21714fd000 r-xp 00000000 08:15 1183219                    /usr/lib/libstdc++.so.6.0.22
7f21714fd000-7f21716fc000 ---p 00178000 08:15 1183219                    /usr/lib/libstdc++.so.6.0.22
7f21716fc000-7f2171706000 r--p 00177000 08:15 1183219                    /usr/lib/libstdc++.so.6.0.22
7f2171706000-7f2171708000 rw-p 00181000 08:15 1183219                    /usr/lib/libstdc++.so.6.0.22
7f2171708000-7f217170c000 rw-p 00000000 00:00 0 
7f217170c000-7f217225c000 r-xp 00000000 08:15 288773                     /usr/lib/jvm/java-7-openjdk/jre/lib/amd64/server/libjvm.so
7f217225c000-7f217245b000 ---p 00b50000 08:15 288773                     /usr/lib/jvm/java-7-openjdk/jre/lib/amd64/server/libjvm.so
7f217245b000-7f217250f000 rw-p 00b4f000 08:15 288773                     /usr/lib/jvm/java-7-openjdk/jre/lib/amd64/server/libjvm.so
7f217250f000-7f217253c000 rw-p 00000000 00:00 0 
7f217253c000-7f2172551000 r-xp 00000000 08:15 1186155                    /usr/lib/libz.so.1.2.8
7f2172551000-7f2172750000 ---p 00015000 08:15 1186155                    /usr/lib/libz.so.1.2.8
7f2172750000-7f2172751000 r--p 00014000 08:15 1186155                    /usr/lib/libz.so.1.2.8
7f2172751000-7f2172752000 rw-p 00015000 08:15 1186155                    /usr/lib/libz.so.1.2.8
7f2172752000-7f21728e9000 r-xp 00000000 08:15 1182865                    /usr/lib/libc-2.23.so
7f21728e9000-7f2172ae9000 ---p 00197000 08:15 1182865                    /usr/lib/libc-2.23.so
7f2172ae9000-7f2172aed000 r--p 00197000 08:15 1182865                    /usr/lib/libc-2.23.so
7f2172aed000-7f2172aef000 rw-p 0019b000 08:15 1182865                    /usr/lib/libc-2.23.so
7f2172aef000-7f2172af3000 rw-p 00000000 00:00 0 
7f2172af3000-7f2172af5000 r-xp 00000000 08:15 1182958                    /usr/lib/libdl-2.23.so
7f2172af5000-7f2172cf5000 ---p 00002000 08:15 1182958                    /usr/lib/libdl-2.23.so
7f2172cf5000-7f2172cf6000 r--p 00002000 08:15 1182958                    /usr/lib/libdl-2.23.so
7f2172cf6000-7f2172cf7000 rw-p 00003000 08:15 1182958                    /usr/lib/libdl-2.23.so
7f2172cf7000-7f2172d04000 r-xp 00000000 08:15 288769                     /usr/lib/jvm/java-7-openjdk/jre/lib/amd64/jli/libjli.so
7f2172d04000-7f2172f03000 ---p 0000d000 08:15 288769                     /usr/lib/jvm/java-7-openjdk/jre/lib/amd64/jli/libjli.so
7f2172f03000-7f2172f04000 rw-p 0000c000 08:15 288769                     /usr/lib/jvm/java-7-openjdk/jre/lib/amd64/jli/libjli.so
7f2172f04000-7f2172f1c000 r-xp 00000000 08:15 1182837                    /usr/lib/libpthread-2.23.so
7f2172f1c000-7f217311b000 ---p 00018000 08:15 1182837                    /usr/lib/libpthread-2.23.so
7f217311b000-7f217311c000 r--p 00017000 08:15 1182837                    /usr/lib/libpthread-2.23.so
7f217311c000-7f217311d000 rw-p 00018000 08:15 1182837                    /usr/lib/libpthread-2.23.so
7f217311d000-7f2173121000 rw-p 00000000 00:00 0 
7f2173121000-7f2173144000 r-xp 00000000 08:15 1182864                    /usr/lib/ld-2.23.so
7f2173146000-7f21731bb000 rw-p 00000000 00:00 0 
7f21731bb000-7f2173203000 rw-p 00000000 00:00 0 
7f2173203000-7f2173206000 ---p 00000000 00:00 0 
7f2173206000-7f2173308000 rw-p 00000000 00:00 0 
7f2173309000-7f217330f000 r--s 0001c000 08:15 796080                     /home/alejandrocq/CloudFitforWear/mobile/build/intermediates/multi-dex/debug/componentClasses.jar
7f217330f000-7f2173339000 rw-p 00000000 00:00 0 
7f2173339000-7f2173341000 rw-s 00000000 00:22 1886044                    /tmp/hsperfdata_alejandrocq/14623
7f2173341000-7f2173342000 rw-p 00000000 00:00 0 
7f2173342000-7f2173343000 ---p 00000000 00:00 0 
7f2173343000-7f2173344000 rw-p 00000000 00:00 0 
7f2173344000-7f2173345000 r--p 00023000 08:15 1182864                    /usr/lib/ld-2.23.so
7f2173345000-7f2173346000 rw-p 00024000 08:15 1182864                    /usr/lib/ld-2.23.so
7f2173346000-7f2173347000 rw-p 00000000 00:00 0 
7ffd68a5a000-7ffd68a7b000 rw-p 00000000 00:00 0                          [stack]
7ffd68af0000-7ffd68af3000 r--p 00000000 00:00 0                          [vvar]
7ffd68af3000-7ffd68af5000 r-xp 00000000 00:00 0                          [vdso]
ffffffffff600000-ffffffffff601000 r-xp 00000000 00:00 0                  [vsyscall]

VM Arguments:
jvm_args: -Djava.awt.headless=true -Dfile.encoding=UTF-8 -Duser.country=ES -Duser.language=es -Duser.variant 
java_command: com.android.multidex.ClassReferenceListBuilder /home/alejandrocq/CloudFitforWear/mobile/build/intermediates/multi-dex/debug/componentClasses.jar /home/alejandrocq/CloudFitforWear/mobile/build/intermediates/transforms/jarMerging/debug/jars/1/1f/combined.jar
Launcher Type: SUN_STANDARD

Environment Variables:
PATH=/usr/local/sbin:/usr/local/bin:/usr/bin:/opt/android-sdk/platform-tools:/opt/android-sdk/tools:/usr/lib/jvm/default/bin:/usr/bin/site_perl:/usr/bin/vendor_perl:/usr/bin/core_perl
USERNAME=alejandrocq
LD_LIBRARY_PATH=/opt/android-studio/bin:
SHELL=/usr/bin/zsh
DISPLAY=:0

Signal Handlers:
SIGSEGV: [libjvm.so+0x995b00], sa_mask[0]=0x7ffbfeff, sa_flags=0x10000004
SIGBUS: [libjvm.so+0x995b00], sa_mask[0]=0x7ffbfeff, sa_flags=0x10000004
SIGFPE: [libjvm.so+0x7fcb50], sa_mask[0]=0x7ffbfeff, sa_flags=0x10000004
SIGPIPE: [libjvm.so+0x7fcb50], sa_mask[0]=0x7ffbfeff, sa_flags=0x10000004
SIGXFSZ: [libjvm.so+0x7fcb50], sa_mask[0]=0x7ffbfeff, sa_flags=0x10000004
SIGILL: [libjvm.so+0x7fcb50], sa_mask[0]=0x7ffbfeff, sa_flags=0x10000004
SIGUSR1: SIG_DFL, sa_mask[0]=0x00000000, sa_flags=0x00000000
SIGUSR2: [libjvm.so+0x7fc9d0], sa_mask[0]=0x00000004, sa_flags=0x10000004
SIGHUP: [libjvm.so+0x7fcb60], sa_mask[0]=0x7ffbfeff, sa_flags=0x10000004
SIGINT: [libjvm.so+0x7fcb60], sa_mask[0]=0x7ffbfeff, sa_flags=0x10000004
SIGTERM: [libjvm.so+0x7fcb60], sa_mask[0]=0x7ffbfeff, sa_flags=0x10000004
SIGQUIT: [libjvm.so+0x7fcb60], sa_mask[0]=0x7ffbfeff, sa_flags=0x10000004
SIGTRAP: SIG_DFL, sa_mask[0]=0x00000000, sa_flags=0x00000000


---------------  S Y S T E M  ---------------

OS:Linux
uname:Linux 4.5.4-1-ARCH #1 SMP PREEMPT Wed May 11 22:21:28 CEST 2016 x86_64
libc:glibc 2.23 NPTL 2.23 
rlimit: STACK 8192k, CORE infinity, NPROC 31617, NOFILE 4096, AS infinity
load average:1,00 0,81 0,78

/proc/meminfo:
MemTotal:        8099440 kB
MemFree:          154000 kB
MemAvailable:      87016 kB
Buffers:            2500 kB
Cached:           547144 kB
SwapCached:        14116 kB
Active:          6390964 kB
Inactive:        1274384 kB
Active(anon):    6346896 kB
Inactive(anon):  1230588 kB
Active(file):      44068 kB
Inactive(file):    43796 kB
Unevictable:        2308 kB
Mlocked:            2308 kB
SwapTotal:       1248724 kB
SwapFree:              0 kB
Dirty:             16548 kB
Writeback:           256 kB
AnonPages:       7100872 kB
Mapped:           293152 kB
Shmem:            460348 kB
Slab:             105524 kB
SReclaimable:      54264 kB
SUnreclaim:        51260 kB
KernelStack:       15104 kB
PageTables:        68140 kB
NFS_Unstable:          0 kB
Bounce:                0 kB
WritebackTmp:          0 kB
CommitLimit:     5298444 kB
Committed_AS:   15871668 kB
VmallocTotal:   34359738367 kB
VmallocUsed:           0 kB
VmallocChunk:          0 kB
HardwareCorrupted:     0 kB
AnonHugePages:   4032512 kB
HugePages_Total:       0
HugePages_Free:        0
HugePages_Rsvd:        0
HugePages_Surp:        0
Hugepagesize:       2048 kB
DirectMap4k:      357412 kB
DirectMap2M:     7950336 kB
DirectMap1G:     1048576 kB


CPU:total 4 (2 cores per cpu, 2 threads per core) family 6 model 60 stepping 3, cmov, cx8, fxsr, mmx, sse, sse2, sse3, ssse3, sse4.1, sse4.2, popcnt, avx, avx2, aes, erms, ht, tsc, tscinvbit

/proc/cpuinfo:
processor	: 0
vendor_id	: GenuineIntel
cpu family	: 6
model		: 60
model name	: Intel(R) Core(TM) i5-4200M CPU @ 2.50GHz
stepping	: 3
microcode	: 0x8
cpu MHz		: 3000.000
cache size	: 3072 KB
physical id	: 0
siblings	: 4
core id		: 0
cpu cores	: 2
apicid		: 0
initial apicid	: 0
fpu		: yes
fpu_exception	: yes
cpuid level	: 13
wp		: yes
flags		: fpu vme de pse tsc msr pae mce cx8 apic sep mtrr pge mca cmov pat pse36 clflush dts acpi mmx fxsr sse sse2 ss ht tm pbe syscall nx pdpe1gb rdtscp lm constant_tsc arch_perfmon pebs bts rep_good nopl xtopology nonstop_tsc aperfmperf eagerfpu pni pclmulqdq dtes64 monitor ds_cpl vmx est tm2 ssse3 sdbg fma cx16 xtpr pdcm pcid sse4_1 sse4_2 movbe popcnt tsc_deadline_timer aes xsave avx f16c rdrand lahf_lm abm epb tpr_shadow vnmi flexpriority ept vpid fsgsbase tsc_adjust bmi1 avx2 smep bmi2 erms invpcid xsaveopt dtherm ida arat pln pts
bugs		:
bogomips	: 4990.03
clflush size	: 64
cache_alignment	: 64
address sizes	: 39 bits physical, 48 bits virtual
power management:

processor	: 1
vendor_id	: GenuineIntel
cpu family	: 6
model		: 60
model name	: Intel(R) Core(TM) i5-4200M CPU @ 2.50GHz
stepping	: 3
microcode	: 0x8
cpu MHz		: 2500.000
cache size	: 3072 KB
physical id	: 0
siblings	: 4
core id		: 1
cpu cores	: 2
apicid		: 2
initial apicid	: 2
fpu		: yes
fpu_exception	: yes
cpuid level	: 13
wp		: yes
flags		: fpu vme de pse tsc msr pae mce cx8 apic sep mtrr pge mca cmov pat pse36 clflush dts acpi mmx fxsr sse sse2 ss ht tm pbe syscall nx pdpe1gb rdtscp lm constant_tsc arch_perfmon pebs bts rep_good nopl xtopology nonstop_tsc aperfmperf eagerfpu pni pclmulqdq dtes64 monitor ds_cpl vmx est tm2 ssse3 sdbg fma cx16 xtpr pdcm pcid sse4_1 sse4_2 movbe popcnt tsc_deadline_timer aes xsave avx f16c rdrand lahf_lm abm epb tpr_shadow vnmi flexpriority ept vpid fsgsbase tsc_adjust bmi1 avx2 smep bmi2 erms invpcid xsaveopt dtherm ida arat pln pts
bugs		:
bogomips	: 4990.03
clflush size	: 64
cache_alignment	: 64
address sizes	: 39 bits physical, 48 bits virtual
power management:

processor	: 2
vendor_id	: GenuineIntel
cpu family	: 6
model		: 60
model name	: Intel(R) Core(TM) i5-4200M CPU @ 2.50GHz
stepping	: 3
microcode	: 0x8
cpu MHz		: 2487.500
cache size	: 3072 KB
physical id	: 0
siblings	: 4
core id		: 0
cpu cores	: 2
apicid		: 1
initial apicid	: 1
fpu		: yes
fpu_exception	: yes
cpuid level	: 13
wp		: yes
flags		: fpu vme de pse tsc msr pae mce cx8 apic sep mtrr pge mca cmov pat pse36 clflush dts acpi mmx fxsr sse sse2 ss ht tm pbe syscall nx pdpe1gb rdtscp lm constant_tsc arch_perfmon pebs bts rep_good nopl xtopology nonstop_tsc aperfmperf eagerfpu pni pclmulqdq dtes64 monitor ds_cpl vmx est tm2 ssse3 sdbg fma cx16 xtpr pdcm pcid sse4_1 sse4_2 movbe popcnt tsc_deadline_timer aes xsave avx f16c rdrand lahf_lm abm epb tpr_shadow vnmi flexpriority ept vpid fsgsbase tsc_adjust bmi1 avx2 smep bmi2 erms invpcid xsaveopt dtherm ida arat pln pts
bugs		:
bogomips	: 4990.03
clflush size	: 64
cache_alignment	: 64
address sizes	: 39 bits physical, 48 bits virtual
power management:

processor	: 3
vendor_id	: GenuineIntel
cpu family	: 6
model		: 60
model name	: Intel(R) Core(TM) i5-4200M CPU @ 2.50GHz
stepping	: 3
microcode	: 0x8
cpu MHz		: 2500.976
cache size	: 3072 KB
physical id	: 0
siblings	: 4
core id		: 1
cpu cores	: 2
apicid		: 3
initial apicid	: 3
fpu		: yes
fpu_exception	: yes
cpuid level	: 13
wp		: yes
flags		: fpu vme de pse tsc msr pae mce cx8 apic sep mtrr pge mca cmov pat pse36 clflush dts acpi mmx fxsr sse sse2 ss ht tm pbe syscall nx pdpe1gb rdtscp lm constant_tsc arch_perfmon pebs bts rep_good nopl xtopology nonstop_tsc aperfmperf eagerfpu pni pclmulqdq dtes64 monitor ds_cpl vmx est tm2 ssse3 sdbg fma cx16 xtpr pdcm pcid sse4_1 sse4_2 movbe popcnt tsc_deadline_timer aes xsave avx f16c rdrand lahf_lm abm epb tpr_shadow vnmi flexpriority ept vpid fsgsbase tsc_adjust bmi1 avx2 smep bmi2 erms invpcid xsaveopt dtherm ida arat pln pts
bugs		:
bogomips	: 4990.03
clflush size	: 64
cache_alignment	: 64
address sizes	: 39 bits physical, 48 bits virtual
power management:



Memory: 4k page, physical 8099440k(154000k free), swap 1248724k(0k free)

vm_info: OpenJDK 64-Bit Server VM (24.95-b01) for linux-amd64 JRE (1.7.0_101-b00), built on May  2 2016 15:39:24 by "builduser" with gcc 5.3.0

time: Wed May 25 23:35:44 2016
elapsed time: 1 seconds

